<?xml version="1.0" encoding="UTF-8"?>
<!-- Generated by org.testng.reporters.JUnitReportReporter -->
<testsuite hostname="DESKTOP-7JLIG1H" failures="0" tests="1" name="KiteTestApp.KiteTestingClass" time="10.695" errors="0" timestamp="2022-08-06T15:49:53 IST" skipped="0">
  <testcase classname="KiteTestApp.KiteTestingClass" name="validatingUserID" time="10.695"/>
  <system-out/>
</testsuite> <!-- KiteTestApp.KiteTestingClass -->
