<?xml version="1.0" encoding="UTF-8"?>
<!-- Generated by org.testng.reporters.JUnitReportReporter -->
<testsuite hostname="DESKTOP-7JLIG1H" failures="0" tests="1" name="KiteTestApp.KiteTestUsingPropertiesFile" time="2.915" errors="0" timestamp="2022-08-07T16:25:59 IST" skipped="0">
  <testcase classname="KiteTestApp.KiteTestUsingPropertiesFile" name="validatingUserID" time="2.915"/>
  <system-out/>
</testsuite> <!-- KiteTestApp.KiteTestUsingPropertiesFile -->
